>t
GCGCUUCGCCGCGCGCC&GCUAGCAUGCUACGUCAAGCUAGCUAUGCAUA
((((......))))((.&((((((.((......)).))))))...))... (-18.00)
((((......))))((.&((((((.((,.....)).))))))...))... [-18.50]
 frequency of mfe structure in ensemble 0.443547 , delta G binding= -1.06
Free Energies:
AB		AA		BB		A		B
-18.398851	-17.562553	-27.080696	-7.017902	-10.325251
Initial concentrations		relative Equilibrium concentrations
A		 B		 AB		 AA		 BB		 A		 B
1e-07     	1e-07     	0.00000 	0.00002 	0.00168 	0.49997 	0.49665
1.71e-07  	1.71e-07  	0.00000 	0.00003 	0.00284 	0.49995 	0.49432
2.9241e-07	2.9241e-07	0.00000 	0.00004 	0.00478 	0.49991 	0.49044
5.00021e-07	5.00021e-07	0.00000 	0.00008 	0.00796 	0.49985 	0.48408
8.55036e-07	8.55036e-07	0.00000 	0.00013 	0.01305 	0.49974 	0.47391
1.46211e-06	1.46211e-06	0.00000 	0.00022 	0.02086 	0.49955 	0.45827
2.50021e-06	2.50021e-06	0.00001 	0.00038 	0.03222 	0.49923 	0.43555
4.27536e-06	4.27536e-06	0.00001 	0.00065 	0.04760 	0.49869 	0.40480
7.31087e-06	7.31087e-06	0.00001 	0.00111 	0.06673 	0.49777 	0.36653
1.25016e-05	1.25016e-05	0.00002 	0.00188 	0.08855 	0.49621 	0.32289
2.13777e-05	2.13777e-05	0.00003 	0.00318 	0.11147 	0.49360 	0.27704
3.65559e-05	3.65559e-05	0.00005 	0.00535 	0.13388 	0.48926 	0.23218
6.25106e-05	6.25106e-05	0.00006 	0.00888 	0.15458 	0.48217 	0.19078
0.000106893	0.000106893	0.00009 	0.01449 	0.17282 	0.47094 	0.15427
0.000182787	0.000182787	0.00011 	0.02301 	0.18836 	0.45386 	0.12316
0.000312566	0.000312566	0.00014 	0.03523 	0.20125 	0.42940 	0.09735
0.000534488	0.000534488	0.00018 	0.05146 	0.21173 	0.39690 	0.07636
0.000913974	0.000913974	0.00022 	0.07128 	0.22012 	0.35722 	0.05954
0.0015629 	0.0015629 	0.00025 	0.09347 	0.22677 	0.31281 	0.04621
0.00267255	0.00267255	0.00028 	0.11639 	0.23199 	0.26694 	0.03574
0.00457006	0.00457006	0.00031 	0.13850 	0.23606 	0.22268 	0.02757
0.00781481	0.00781481	0.00034 	0.15869 	0.23922 	0.18228 	0.02123
0.0133633 	0.0133633 	0.00036 	0.17635 	0.24166 	0.14694 	0.01632
0.0228513 	0.0228513 	0.00037 	0.19130 	0.24355 	0.11703 	0.01253
0.0390757 	0.0390757 	0.00038 	0.20364 	0.24500 	0.09234 	0.00961
0.0668194 	0.0668194 	0.00039 	0.21364 	0.24612 	0.07233 	0.00736
0.114261  	0.114261  	0.00040 	0.22163 	0.24698 	0.05633 	0.00564
0.195387  	0.195387  	0.00041 	0.22795 	0.24764 	0.04369 	0.00432
